2026-03-04 01:09:20,084 INFO o.a.j.u.JMeterUtils: Setting Locale to en_EN
2026-03-04 01:09:20,102 INFO o.a.j.JMeter: Loading user properties from: /home/yedhubabu/SelfProjects/T/apache-jmeter-5.6.3/bin/user.properties
2026-03-04 01:09:20,102 INFO o.a.j.JMeter: Loading system properties from: /home/yedhubabu/SelfProjects/T/apache-jmeter-5.6.3/bin/system.properties
2026-03-04 01:09:20,107 INFO o.a.j.JMeter: Copyright (c) 1998-2024 The Apache Software Foundation
2026-03-04 01:09:20,108 INFO o.a.j.JMeter: Version 5.6.3
2026-03-04 01:09:20,108 INFO o.a.j.JMeter: java.version=21.0.10
2026-03-04 01:09:20,108 INFO o.a.j.JMeter: java.vm.name=OpenJDK 64-Bit Server VM
2026-03-04 01:09:20,108 INFO o.a.j.JMeter: os.name=Linux
2026-03-04 01:09:20,108 INFO o.a.j.JMeter: os.arch=amd64
2026-03-04 01:09:20,108 INFO o.a.j.JMeter: os.version=6.8.0-47-generic
2026-03-04 01:09:20,108 INFO o.a.j.JMeter: file.encoding=UTF-8
2026-03-04 01:09:20,108 INFO o.a.j.JMeter: java.awt.headless=true
2026-03-04 01:09:20,108 INFO o.a.j.JMeter: Max memory     =1073741824
2026-03-04 01:09:20,108 INFO o.a.j.JMeter: Available Processors =12
2026-03-04 01:09:20,115 INFO o.a.j.JMeter: Default Locale=English (EN)
2026-03-04 01:09:20,115 INFO o.a.j.JMeter: JMeter  Locale=English (EN)
2026-03-04 01:09:20,115 INFO o.a.j.JMeter: JMeterHome=/home/yedhubabu/SelfProjects/T/apache-jmeter-5.6.3
2026-03-04 01:09:20,115 INFO o.a.j.JMeter: user.dir  =/home/yedhubabu/SelfProjects/T/jmeter-agent/runs/run-1772566759
2026-03-04 01:09:20,115 INFO o.a.j.JMeter: PWD       =/home/yedhubabu/SelfProjects/T/jmeter-agent/runs/run-1772566759
2026-03-04 01:09:20,116 INFO o.a.j.JMeter: IP: 127.0.1.1 Name: QB-IPL-2988 FullName: QB-IPL-2988
2026-03-04 01:09:20,121 ERROR o.a.j.JMeter: An error occurred: 
org.apache.jmeter.report.config.ConfigurationException: The file /home/yedhubabu/SelfProjects/T/jmeter-agent/runs/run-1772566759/runs/run-1772566759/script.jmx doesn't exist or can't be opened
	at org.apache.jmeter.JMeter.runNonGui(JMeter.java:950) ~[ApacheJMeter_core.jar:5.6.3]
	at org.apache.jmeter.JMeter.startNonGui(JMeter.java:940) ~[ApacheJMeter_core.jar:5.6.3]
	at org.apache.jmeter.JMeter.start(JMeter.java:508) [ApacheJMeter_core.jar:5.6.3]
	at java.base/jdk.internal.reflect.DirectMethodHandleAccessor.invoke(DirectMethodHandleAccessor.java:103) ~[?:?]
	at java.base/java.lang.reflect.Method.invoke(Method.java:580) ~[?:?]
	at org.apache.jmeter.NewDriver.main(NewDriver.java:259) [ApacheJMeter.jar:5.6.3]
